2023-03-24 13:37:15,337 INFO o.a.j.u.JMeterUtils: Setting Locale to en_US
2023-03-24 13:37:15,362 INFO o.a.j.JMeter: Loading system properties from: system.properties
2023-03-24 13:37:15,363 INFO o.a.j.JMeter: Setting System property: sun.net.http.allowRestrictedHeaders=true
2023-03-24 13:37:15,376 INFO o.a.j.JMeter: Copyright (c) 1998-2022 The Apache Software Foundation
2023-03-24 13:37:15,376 INFO o.a.j.JMeter: Version 5.5
2023-03-24 13:37:15,376 INFO o.a.j.JMeter: java.version=1.8.0_92
2023-03-24 13:37:15,377 INFO o.a.j.JMeter: java.vm.name=Java HotSpot(TM) 64-Bit Server VM
2023-03-24 13:37:15,377 INFO o.a.j.JMeter: os.name=Windows 10
2023-03-24 13:37:15,377 INFO o.a.j.JMeter: os.arch=amd64
2023-03-24 13:37:15,377 INFO o.a.j.JMeter: os.version=10.0
2023-03-24 13:37:15,377 INFO o.a.j.JMeter: file.encoding=Cp1252
2023-03-24 13:37:15,377 INFO o.a.j.JMeter: java.awt.headless=true
2023-03-24 13:37:15,377 INFO o.a.j.JMeter: Max memory     =514850816
2023-03-24 13:37:15,378 INFO o.a.j.JMeter: Available Processors =8
2023-03-24 13:37:15,384 INFO o.a.j.JMeter: Default Locale=English (United States)
2023-03-24 13:37:15,385 INFO o.a.j.JMeter: JMeter  Locale=English (United States)
2023-03-24 13:37:15,385 INFO o.a.j.JMeter: JMeterHome=C:\Users\vinod_kammara\Desktop\Jenkines-POC\MoonFramApp-Jacoco-Junit-Jmeter-owsap-project\target\770838ec-e07a-4e4b-8a81-57f436d8b2ac\jmeter
2023-03-24 13:37:15,385 INFO o.a.j.JMeter: user.dir  =C:\Users\vinod_kammara\Desktop\Jenkines-POC\MoonFramApp-Jacoco-Junit-Jmeter-owsap-project\target\770838ec-e07a-4e4b-8a81-57f436d8b2ac\jmeter\bin
2023-03-24 13:37:15,386 INFO o.a.j.JMeter: PWD       =C:\Users\vinod_kammara\Desktop\Jenkines-POC\MoonFramApp-Jacoco-Junit-Jmeter-owsap-project\target\770838ec-e07a-4e4b-8a81-57f436d8b2ac\jmeter\bin
2023-03-24 13:37:15,389 INFO o.a.j.JMeter: IP: 192.168.1.2 Name: ARPGL006737 FullName: ARPGL006737.persistent.co.in
2023-03-24 13:37:15,419 INFO o.a.j.s.FileServer: Default base='C:\Users\vinod_kammara\Desktop\Jenkines-POC\MoonFramApp-Jacoco-Junit-Jmeter-owsap-project\target\770838ec-e07a-4e4b-8a81-57f436d8b2ac\jmeter\bin'
2023-03-24 13:37:15,421 INFO o.a.j.s.FileServer: Set new base='C:\Users\vinod_kammara\Desktop\Jenkines-POC\MoonFramApp-Jacoco-Junit-Jmeter-owsap-project\target\jmeter\testFiles'
2023-03-24 13:37:15,619 INFO o.a.j.s.SaveService: Testplan (JMX) version: 2.2. Testlog (JTL) version: 2.2
2023-03-24 13:37:15,637 INFO o.a.j.s.SaveService: Using SaveService properties file encoding UTF-8
2023-03-24 13:37:15,643 INFO o.a.j.s.SaveService: Using SaveService properties version 5.0
2023-03-24 13:37:15,651 INFO o.a.j.s.SaveService: Loading file: C:\Users\vinod_kammara\Desktop\Jenkines-POC\MoonFramApp-Jacoco-Junit-Jmeter-owsap-project\target\jmeter\testFiles\jmeter-example.jmx
2023-03-24 13:37:15,696 INFO o.a.j.p.h.c.CookieManager: Settings: Delete null: true Check: true Allow variable: true Save: false Prefix: COOKIE_
2023-03-24 13:37:15,701 INFO o.a.j.p.h.c.CacheManager: Will only cache the following methods: [GET]
2023-03-24 13:37:15,724 INFO o.a.j.p.h.s.HTTPSamplerBase: Parser for text/html is org.apache.jmeter.protocol.http.parser.LagartoBasedHtmlParser
2023-03-24 13:37:15,725 INFO o.a.j.p.h.s.HTTPSamplerBase: Parser for application/xhtml+xml is org.apache.jmeter.protocol.http.parser.LagartoBasedHtmlParser
2023-03-24 13:37:15,725 INFO o.a.j.p.h.s.HTTPSamplerBase: Parser for application/xml is org.apache.jmeter.protocol.http.parser.LagartoBasedHtmlParser
2023-03-24 13:37:15,725 INFO o.a.j.p.h.s.HTTPSamplerBase: Parser for text/xml is org.apache.jmeter.protocol.http.parser.LagartoBasedHtmlParser
2023-03-24 13:37:15,725 INFO o.a.j.p.h.s.HTTPSamplerBase: Parser for text/vnd.wap.wml is org.apache.jmeter.protocol.http.parser.RegexpHTMLParser
2023-03-24 13:37:15,725 INFO o.a.j.p.h.s.HTTPSamplerBase: Parser for text/css is org.apache.jmeter.protocol.http.parser.CssParser
2023-03-24 13:37:16,066 INFO o.a.j.JMeter: Creating summariser <summary>
2023-03-24 13:37:16,085 INFO o.a.j.e.StandardJMeterEngine: Running the test!
2023-03-24 13:37:16,085 INFO o.a.j.s.SampleEvent: List of sample_variables: []
2023-03-24 13:37:16,085 INFO o.a.j.s.SampleEvent: List of sample_variables: []
2023-03-24 13:37:16,093 INFO o.a.j.e.u.CompoundVariable: Note: Function class names must contain the string: '.functions.'
2023-03-24 13:37:16,094 INFO o.a.j.e.u.CompoundVariable: Note: Function class names must not contain the string: '.gui.'
2023-03-24 13:37:16,691 INFO o.a.j.JMeter: Running test (1679645236691)
2023-03-24 13:37:16,837 INFO o.a.j.e.StandardJMeterEngine: Starting ThreadGroup: 1 : Thread Group
2023-03-24 13:37:16,837 INFO o.a.j.e.StandardJMeterEngine: Starting 50 threads for group Thread Group.
2023-03-24 13:37:16,837 INFO o.a.j.e.StandardJMeterEngine: Thread will continue on error
2023-03-24 13:37:16,837 INFO o.a.j.t.ThreadGroup: Starting thread group... number=1 threads=50 ramp-up=30 delayedStart=false
2023-03-24 13:37:16,855 INFO o.a.j.t.JMeterThread: Thread started: Thread Group 1-1
2023-03-24 13:37:16,883 INFO o.a.j.t.ThreadGroup: Started thread group number 1
2023-03-24 13:37:16,883 INFO o.a.j.e.StandardJMeterEngine: All thread groups have been started
2023-03-24 13:37:17,447 INFO o.a.j.t.JMeterThread: Thread started: Thread Group 1-2
2023-03-24 13:37:18,047 INFO o.a.j.t.JMeterThread: Thread started: Thread Group 1-3
2023-03-24 13:37:18,175 INFO o.a.j.p.h.s.HTTPHCAbstractImpl: Local host = ARPGL006737
2023-03-24 13:37:18,184 INFO o.a.j.p.h.s.HTTPHC4Impl: HTTP request retry count = 0
2023-03-24 13:37:18,185 INFO o.a.j.s.SampleResult: Note: Sample TimeStamps are START times
2023-03-24 13:37:18,186 INFO o.a.j.s.SampleResult: sampleresult.default.encoding is set to ISO-8859-1
2023-03-24 13:37:18,186 INFO o.a.j.s.SampleResult: sampleresult.useNanoTime=true
2023-03-24 13:37:18,186 INFO o.a.j.s.SampleResult: sampleresult.nanoThreadSleep=5000
2023-03-24 13:37:18,341 INFO o.a.j.p.h.s.h.LazyLayeredConnectionSocketFactory: Setting up HTTPS TrustAll Socket Factory
2023-03-24 13:37:18,351 INFO o.a.j.u.JsseSSLManager: Using default SSL protocol: TLS
2023-03-24 13:37:18,352 INFO o.a.j.u.JsseSSLManager: SSL session context: per-thread
2023-03-24 13:37:18,420 INFO o.a.j.u.SSLManager: JmeterKeyStore Location:  type JKS
2023-03-24 13:37:18,423 INFO o.a.j.u.SSLManager: KeyStore created OK
2023-03-24 13:37:18,423 WARN o.a.j.u.SSLManager: Keystore file not found, loading empty keystore
2023-03-24 13:37:18,650 INFO o.a.j.t.JMeterThread: Thread started: Thread Group 1-4
2023-03-24 13:37:19,245 INFO o.a.j.t.JMeterThread: Thread started: Thread Group 1-5
2023-03-24 13:37:19,845 INFO o.a.j.t.JMeterThread: Thread started: Thread Group 1-6
2023-03-24 13:37:20,448 INFO o.a.j.t.JMeterThread: Thread started: Thread Group 1-7
2023-03-24 13:37:20,500 INFO o.a.j.p.h.p.BaseParser: Created org.apache.jmeter.protocol.http.parser.LagartoBasedHtmlParser
2023-03-24 13:37:20,500 INFO o.a.j.p.h.p.BaseParser: Created org.apache.jmeter.protocol.http.parser.LagartoBasedHtmlParser
2023-03-24 13:37:20,500 INFO o.a.j.p.h.p.BaseParser: Created org.apache.jmeter.protocol.http.parser.LagartoBasedHtmlParser
2023-03-24 13:37:21,050 INFO o.a.j.t.JMeterThread: Thread started: Thread Group 1-8
2023-03-24 13:37:21,651 INFO o.a.j.t.JMeterThread: Thread started: Thread Group 1-9
2023-03-24 13:37:22,253 INFO o.a.j.t.JMeterThread: Thread started: Thread Group 1-10
2023-03-24 13:37:22,852 INFO o.a.j.t.JMeterThread: Thread started: Thread Group 1-11
2023-03-24 13:37:23,453 INFO o.a.j.t.JMeterThread: Thread started: Thread Group 1-12
2023-03-24 13:37:24,061 INFO o.a.j.t.JMeterThread: Thread started: Thread Group 1-13
2023-03-24 13:37:24,656 INFO o.a.j.t.JMeterThread: Thread started: Thread Group 1-14
2023-03-24 13:37:25,254 INFO o.a.j.t.JMeterThread: Thread started: Thread Group 1-15
2023-03-24 13:37:25,850 INFO o.a.j.t.JMeterThread: Thread started: Thread Group 1-16
2023-03-24 13:37:26,450 INFO o.a.j.t.JMeterThread: Thread started: Thread Group 1-17
2023-03-24 13:37:27,051 INFO o.a.j.t.JMeterThread: Thread started: Thread Group 1-18
2023-03-24 13:37:27,646 INFO o.a.j.t.JMeterThread: Thread started: Thread Group 1-19
2023-03-24 13:37:28,249 INFO o.a.j.t.JMeterThread: Thread started: Thread Group 1-20
2023-03-24 13:37:28,848 INFO o.a.j.t.JMeterThread: Thread started: Thread Group 1-21
2023-03-24 13:37:29,449 INFO o.a.j.t.JMeterThread: Thread started: Thread Group 1-22
2023-03-24 13:37:30,049 INFO o.a.j.t.JMeterThread: Thread started: Thread Group 1-23
2023-03-24 13:37:30,519 INFO o.a.j.r.Summariser: summary +     27 in 00:00:14 =    2.0/s Avg:   897 Min:   557 Max:  2246 Err:     0 (0.00%) Active: 23 Started: 23 Finished: 0
2023-03-24 13:37:30,646 INFO o.a.j.t.JMeterThread: Thread started: Thread Group 1-24
2023-03-24 13:37:31,246 INFO o.a.j.t.JMeterThread: Thread started: Thread Group 1-25
2023-03-24 13:37:31,849 INFO o.a.j.t.JMeterThread: Thread started: Thread Group 1-26
2023-03-24 13:37:32,449 INFO o.a.j.t.JMeterThread: Thread started: Thread Group 1-27
2023-03-24 13:37:33,046 INFO o.a.j.t.JMeterThread: Thread started: Thread Group 1-28
2023-03-24 13:37:33,647 INFO o.a.j.t.JMeterThread: Thread started: Thread Group 1-29
2023-03-24 13:37:34,247 INFO o.a.j.t.JMeterThread: Thread started: Thread Group 1-30
2023-03-24 13:37:34,846 INFO o.a.j.t.JMeterThread: Thread started: Thread Group 1-31
2023-03-24 13:37:35,447 INFO o.a.j.t.JMeterThread: Thread started: Thread Group 1-32
2023-03-24 13:37:36,047 INFO o.a.j.t.JMeterThread: Thread started: Thread Group 1-33
2023-03-24 13:37:36,353 INFO o.a.j.t.JMeterThread: Thread finished: Thread Group 1-21
2023-03-24 13:37:36,648 INFO o.a.j.t.JMeterThread: Thread started: Thread Group 1-34
2023-03-24 13:37:37,248 INFO o.a.j.t.JMeterThread: Thread started: Thread Group 1-35
2023-03-24 13:37:37,848 INFO o.a.j.t.JMeterThread: Thread started: Thread Group 1-36
2023-03-24 13:37:37,850 INFO o.a.j.t.JMeterThread: Thread finished: Thread Group 1-36
2023-03-24 13:37:38,449 INFO o.a.j.t.JMeterThread: Thread started: Thread Group 1-37
2023-03-24 13:37:38,706 INFO o.a.j.t.JMeterThread: Thread finished: Thread Group 1-20
2023-03-24 13:37:39,048 INFO o.a.j.t.JMeterThread: Thread started: Thread Group 1-38
2023-03-24 13:37:39,048 INFO o.a.j.t.JMeterThread: Thread finished: Thread Group 1-38
2023-03-24 13:37:39,648 INFO o.a.j.t.JMeterThread: Thread started: Thread Group 1-39
2023-03-24 13:37:39,648 INFO o.a.j.t.JMeterThread: Thread finished: Thread Group 1-39
2023-03-24 13:37:39,866 INFO o.a.j.t.JMeterThread: Thread finished: Thread Group 1-22
2023-03-24 13:37:40,188 INFO o.a.j.t.JMeterThread: Thread finished: Thread Group 1-11
2023-03-24 13:37:40,246 INFO o.a.j.t.JMeterThread: Thread started: Thread Group 1-40
2023-03-24 13:37:40,552 INFO o.a.j.t.JMeterThread: Thread finished: Thread Group 1-16
2023-03-24 13:37:40,846 INFO o.a.j.t.JMeterThread: Thread started: Thread Group 1-41
2023-03-24 13:37:41,393 INFO o.a.j.t.JMeterThread: Thread finished: Thread Group 1-34
2023-03-24 13:37:41,447 INFO o.a.j.t.JMeterThread: Thread started: Thread Group 1-42
2023-03-24 13:37:41,448 INFO o.a.j.t.JMeterThread: Thread finished: Thread Group 1-42
2023-03-24 13:37:42,047 INFO o.a.j.t.JMeterThread: Thread started: Thread Group 1-43
2023-03-24 13:37:42,084 INFO o.a.j.t.JMeterThread: Thread finished: Thread Group 1-33
2023-03-24 13:37:42,646 INFO o.a.j.t.JMeterThread: Thread started: Thread Group 1-44
2023-03-24 13:37:42,777 INFO o.a.j.t.JMeterThread: Thread finished: Thread Group 1-14
2023-03-24 13:37:42,947 INFO o.a.j.t.JMeterThread: Thread finished: Thread Group 1-17
2023-03-24 13:37:43,245 INFO o.a.j.t.JMeterThread: Thread started: Thread Group 1-45
2023-03-24 13:37:43,245 INFO o.a.j.t.JMeterThread: Thread finished: Thread Group 1-45
2023-03-24 13:37:43,301 INFO o.a.j.t.JMeterThread: Thread finished: Thread Group 1-41
2023-03-24 13:37:43,846 INFO o.a.j.t.JMeterThread: Thread started: Thread Group 1-46
2023-03-24 13:37:43,846 INFO o.a.j.t.JMeterThread: Thread finished: Thread Group 1-46
2023-03-24 13:37:44,053 INFO o.a.j.t.JMeterThread: Thread finished: Thread Group 1-4
2023-03-24 13:37:44,153 INFO o.a.j.t.JMeterThread: Thread finished: Thread Group 1-2
2023-03-24 13:37:44,205 INFO o.a.j.t.JMeterThread: Thread finished: Thread Group 1-32
2023-03-24 13:37:44,221 INFO o.a.j.t.JMeterThread: Thread finished: Thread Group 1-10
2023-03-24 13:37:44,240 INFO o.a.j.t.JMeterThread: Thread finished: Thread Group 1-27
2023-03-24 13:37:44,445 INFO o.a.j.t.JMeterThread: Thread started: Thread Group 1-47
2023-03-24 13:37:44,486 INFO o.a.j.t.JMeterThread: Thread finished: Thread Group 1-3
2023-03-24 13:37:44,865 INFO o.a.j.t.JMeterThread: Thread finished: Thread Group 1-40
2023-03-24 13:37:44,877 INFO o.a.j.t.JMeterThread: Thread finished: Thread Group 1-8
2023-03-24 13:37:44,944 INFO o.a.j.t.JMeterThread: Thread finished: Thread Group 1-44
2023-03-24 13:37:44,944 INFO o.a.j.t.JMeterThread: Thread finished: Thread Group 1-23
2023-03-24 13:37:44,998 INFO o.a.j.t.JMeterThread: Thread finished: Thread Group 1-24
2023-03-24 13:37:45,045 INFO o.a.j.t.JMeterThread: Thread started: Thread Group 1-48
2023-03-24 13:37:45,046 INFO o.a.j.t.JMeterThread: Thread finished: Thread Group 1-48
2023-03-24 13:37:45,169 INFO o.a.j.t.JMeterThread: Thread finished: Thread Group 1-9
2023-03-24 13:37:45,196 INFO o.a.j.t.JMeterThread: Thread finished: Thread Group 1-13
2023-03-24 13:37:45,327 INFO o.a.j.t.JMeterThread: Thread finished: Thread Group 1-25
2023-03-24 13:37:45,554 INFO o.a.j.t.JMeterThread: Thread finished: Thread Group 1-5
2023-03-24 13:37:45,644 INFO o.a.j.t.JMeterThread: Thread started: Thread Group 1-49
2023-03-24 13:37:45,644 INFO o.a.j.t.JMeterThread: Thread finished: Thread Group 1-49
2023-03-24 13:37:45,668 INFO o.a.j.t.JMeterThread: Thread finished: Thread Group 1-1
2023-03-24 13:37:45,944 INFO o.a.j.t.JMeterThread: Thread finished: Thread Group 1-47
2023-03-24 13:37:45,944 INFO o.a.j.t.JMeterThread: Thread finished: Thread Group 1-31
2023-03-24 13:37:46,145 INFO o.a.j.t.JMeterThread: Thread finished: Thread Group 1-28
2023-03-24 13:37:46,179 INFO o.a.j.t.JMeterThread: Thread finished: Thread Group 1-7
2023-03-24 13:37:46,222 INFO o.a.j.t.JMeterThread: Thread finished: Thread Group 1-43
2023-03-24 13:37:46,245 INFO o.a.j.t.JMeterThread: Thread started: Thread Group 1-50
2023-03-24 13:37:46,245 INFO o.a.j.t.JMeterThread: Thread finished: Thread Group 1-50
2023-03-24 13:37:46,343 INFO o.a.j.t.JMeterThread: Thread finished: Thread Group 1-35
2023-03-24 13:37:46,370 INFO o.a.j.t.JMeterThread: Thread finished: Thread Group 1-37
2023-03-24 13:37:46,425 INFO o.a.j.t.JMeterThread: Thread finished: Thread Group 1-29
2023-03-24 13:37:46,425 INFO o.a.j.t.JMeterThread: Thread finished: Thread Group 1-6
2023-03-24 13:37:46,869 INFO o.a.j.t.JMeterThread: Stopping because end time detected by thread: Thread Group 1-18
2023-03-24 13:37:46,869 INFO o.a.j.t.JMeterThread: Thread finished: Thread Group 1-18
2023-03-24 13:37:46,876 INFO o.a.j.t.JMeterThread: Stopping because end time detected by thread: Thread Group 1-15
2023-03-24 13:37:46,876 INFO o.a.j.t.JMeterThread: Thread finished: Thread Group 1-15
2023-03-24 13:37:47,049 INFO o.a.j.t.JMeterThread: Stopping because end time detected by thread: Thread Group 1-30
2023-03-24 13:37:47,050 INFO o.a.j.t.JMeterThread: Thread finished: Thread Group 1-30
2023-03-24 13:37:47,113 INFO o.a.j.t.JMeterThread: Stopping because end time detected by thread: Thread Group 1-12
2023-03-24 13:37:47,114 INFO o.a.j.t.JMeterThread: Thread finished: Thread Group 1-12
2023-03-24 13:37:47,121 INFO o.a.j.t.JMeterThread: Stopping because end time detected by thread: Thread Group 1-26
2023-03-24 13:37:47,121 INFO o.a.j.t.JMeterThread: Thread finished: Thread Group 1-26
2023-03-24 13:37:47,413 INFO o.a.j.t.JMeterThread: Stopping because end time detected by thread: Thread Group 1-19
2023-03-24 13:37:47,414 INFO o.a.j.t.JMeterThread: Thread finished: Thread Group 1-19
2023-03-24 13:37:47,414 INFO o.a.j.e.StandardJMeterEngine: Notifying test listeners of end of test
2023-03-24 13:37:47,418 INFO o.a.j.p.h.s.ResourcesDownloader: Creating ResourcesDownloader with keepalive_inseconds : 60
2023-03-24 13:37:47,423 INFO o.a.j.r.Summariser: summary +    131 in 00:00:17 =    7.7/s Avg:   674 Min:   552 Max:  1632 Err:     0 (0.00%) Active: 0 Started: 50 Finished: 50
2023-03-24 13:37:47,424 INFO o.a.j.r.Summariser: summary =    158 in 00:00:31 =    5.1/s Avg:   712 Min:   552 Max:  2246 Err:     0 (0.00%)
